# JRE version: OpenJDK Runtime Environment (8.0_152-b02) (build 1.8.0_152-release-1024-b02)
# Java VM: OpenJDK 64-Bit Server VM (25.152-b02 mixed mode windows-amd64 compressed oops)
Heap:
 PSYoungGen      total 80896K, used 22689K [0x00000000d5580000, 0x00000000dc500000, 0x0000000100000000)
  eden space 66048K, 11% used [0x00000000d5580000,0x00000000d5d28b90,0x00000000d9600000)
  from space 14848K, 99% used [0x00000000d9600000,0x00000000da47f9b0,0x00000000da480000)
  to   space 17920K, 0% used [0x00000000db380000,0x00000000db380000,0x00000000dc500000)
 ParOldGen       total 115712K, used 22915K [0x0000000080000000, 0x0000000087100000, 0x00000000d5580000)
  object space 115712K, 19% used [0x0000000080000000,0x0000000081660c80,0x0000000087100000)
 Metaspace       used 56391K, capacity 58090K, committed 58368K, reserved 1099776K
  class space    used 7671K, capacity 8112K, committed 8192K, reserved 1048576K
GC Heap History (10 events):
Event: 28.603 GC heap before
{Heap before GC invocations=13 (full 2):
 PSYoungGen      total 57856K, used 47104K [0x00000000d5580000, 0x00000000d9d00000, 0x0000000100000000)
  eden space 47104K, 100% used [0x00000000d5580000,0x00000000d8380000,0x00000000d8380000)
  from space 10752K, 0% used [0x00000000d8f80000,0x00000000d8f80000,0x00000000d9a00000)
  to   space 12288K, 0% used [0x00000000d8380000,0x00000000d8380000,0x00000000d8f80000)
 ParOldGen       total 115712K, used 18520K [0x0000000080000000, 0x0000000087100000, 0x00000000d5580000)
  object space 115712K, 16% used [0x0000000080000000,0x0000000081216188,0x0000000087100000)
 Metaspace       used 40239K, capacity 41122K, committed 41344K, reserved 1085440K
  class space    used 5427K, capacity 5730K, committed 5760K, reserved 1048576K
Event: 28.618 GC heap after
Heap after GC invocations=13 (full 2):
 PSYoungGen      total 59392K, used 5650K [0x00000000d5580000, 0x00000000da500000, 0x0000000100000000)
  eden space 47104K, 0% used [0x00000000d5580000,0x00000000d5580000,0x00000000d8380000)
  from space 12288K, 45% used [0x00000000d8380000,0x00000000d8904898,0x00000000d8f80000)
  to   space 12288K, 0% used [0x00000000d9900000,0x00000000d9900000,0x00000000da500000)
 ParOldGen       total 115712K, used 18528K [0x0000000080000000, 0x0000000087100000, 0x00000000d5580000)
  object space 115712K, 16% used [0x0000000080000000,0x0000000081218188,0x0000000087100000)
 Metaspace       used 40239K, capacity 41122K, committed 41344K, reserved 1085440K
  class space    used 5427K, capacity 5730K, committed 5760K, reserved 1048576K
}
Event: 30.398 GC heap before
{Heap before GC invocations=14 (full 2):
 PSYoungGen      total 59392K, used 52754K [0x00000000d5580000, 0x00000000da500000, 0x0000000100000000)
  eden space 47104K, 100% used [0x00000000d5580000,0x00000000d8380000,0x00000000d8380000)
  from space 12288K, 45% used [0x00000000d8380000,0x00000000d8904898,0x00000000d8f80000)
  to   space 12288K, 0% used [0x00000000d9900000,0x00000000d9900000,0x00000000da500000)
 ParOldGen       total 115712K, used 18528K [0x0000000080000000, 0x0000000087100000, 0x00000000d5580000)
  object space 115712K, 16% used [0x0000000080000000,0x0000000081218188,0x0000000087100000)
 Metaspace       used 42511K, capacity 43388K, committed 43648K, reserved 1087488K
  class space    used 5704K, capacity 5991K, committed 6016K, reserved 1048576K
Event: 30.412 GC heap after
Heap after GC invocations=14 (full 2):
 PSYoungGen      total 68096K, used 6675K [0x00000000d5580000, 0x00000000da400000, 0x0000000100000000)
  eden space 56832K, 0% used [0x00000000d5580000,0x00000000d5580000,0x00000000d8d00000)
  from space 11264K, 59% used [0x00000000d9900000,0x00000000d9f84cb8,0x00000000da400000)
  to   space 11776K, 0% used [0x00000000d8d00000,0x00000000d8d00000,0x00000000d9880000)
 ParOldGen       total 115712K, used 18536K [0x0000000080000000, 0x0000000087100000, 0x00000000d5580000)
  object space 115712K, 16% used [0x0000000080000000,0x000000008121a188,0x0000000087100000)
 Metaspace       used 42511K, capacity 43388K, committed 43648K, reserved 1087488K
  class space    used 5704K, capacity 5991K, committed 6016K, reserved 1048576K
}
Event: 35.357 GC heap before
{Heap before GC invocations=15 (full 2):
 PSYoungGen      total 68096K, used 63507K [0x00000000d5580000, 0x00000000da400000, 0x0000000100000000)
  eden space 56832K, 100% used [0x00000000d5580000,0x00000000d8d00000,0x00000000d8d00000)
  from space 11264K, 59% used [0x00000000d9900000,0x00000000d9f84cb8,0x00000000da400000)
  to   space 11776K, 0% used [0x00000000d8d00000,0x00000000d8d00000,0x00000000d9880000)
 ParOldGen       total 115712K, used 18536K [0x0000000080000000, 0x0000000087100000, 0x00000000d5580000)
  object space 115712K, 16% used [0x0000000080000000,0x000000008121a188,0x0000000087100000)
 Metaspace       used 46750K, capacity 47896K, committed 48256K, reserved 1091584K
  class space    used 6353K, capacity 6678K, committed 6784K, reserved 1048576K
Event: 35.380 GC heap after
Heap after GC invocations=15 (full 2):
 PSYoungGen      total 68608K, used 11771K [0x00000000d5580000, 0x00000000db180000, 0x0000000100000000)
  eden space 56832K, 0% used [0x00000000d5580000,0x00000000d5580000,0x00000000d8d00000)
  from space 11776K, 99% used [0x00000000d8d00000,0x00000000d987efe0,0x00000000d9880000)
  to   space 13312K, 0% used [0x00000000da480000,0x00000000da480000,0x00000000db180000)
 ParOldGen       total 115712K, used 19495K [0x0000000080000000, 0x0000000087100000, 0x00000000d5580000)
  object space 115712K, 16% used [0x0000000080000000,0x0000000081309c48,0x0000000087100000)
 Metaspace       used 46750K, capacity 47896K, committed 48256K, reserved 1091584K
  class space    used 6353K, capacity 6678K, committed 6784K, reserved 1048576K
}
Event: 43.390 GC heap before
{Heap before GC invocations=16 (full 2):
 PSYoungGen      total 68608K, used 68603K [0x00000000d5580000, 0x00000000db180000, 0x0000000100000000)
  eden space 56832K, 100% used [0x00000000d5580000,0x00000000d8d00000,0x00000000d8d00000)
  from space 11776K, 99% used [0x00000000d8d00000,0x00000000d987efe0,0x00000000d9880000)
  to   space 13312K, 0% used [0x00000000da480000,0x00000000da480000,0x00000000db180000)
 ParOldGen       total 115712K, used 19495K [0x0000000080000000, 0x0000000087100000, 0x00000000d5580000)
  object space 115712K, 16% used [0x0000000080000000,0x0000000081309c48,0x0000000087100000)
 Metaspace       used 51858K, capacity 53260K, committed 53504K, reserved 1095680K
  class space    used 6949K, capacity 7358K, committed 7424K, reserved 1048576K
Event: 43.464 GC heap after
Heap after GC invocations=16 (full 2):
 PSYoungGen      total 79360K, used 13281K [0x00000000d5580000, 0x00000000db500000, 0x0000000100000000)
  eden space 66048K, 0% used [0x00000000d5580000,0x00000000d5580000,0x00000000d9600000)
  from space 13312K, 99% used [0x00000000da480000,0x00000000db178558,0x00000000db180000)
  to   space 14848K, 0% used [0x00000000d9600000,0x00000000d9600000,0x00000000da480000)
 ParOldGen       total 115712K, used 19935K [0x0000000080000000, 0x0000000087100000, 0x00000000d5580000)
  object space 115712K, 17% used [0x0000000080000000,0x0000000081377c18,0x0000000087100000)
 Metaspace       used 51858K, capacity 53260K, committed 53504K, reserved 1095680K
  class space    used 6949K, capacity 7358K, committed 7424K, reserved 1048576K
}
Event: 51.297 GC heap before
{Heap before GC invocations=17 (full 2):
 PSYoungGen      total 79360K, used 79329K [0x00000000d5580000, 0x00000000db500000, 0x0000000100000000)
  eden space 66048K, 100% used [0x00000000d5580000,0x00000000d9600000,0x00000000d9600000)
  from space 13312K, 99% used [0x00000000da480000,0x00000000db178558,0x00000000db180000)
  to   space 14848K, 0% used [0x00000000d9600000,0x00000000d9600000,0x00000000da480000)
 ParOldGen       total 115712K, used 19935K [0x0000000080000000, 0x0000000087100000, 0x00000000d5580000)
  object space 115712K, 17% used [0x0000000080000000,0x0000000081377c18,0x0000000087100000)
 Metaspace       used 56105K, capacity 57758K, committed 57984K, reserved 1099776K
  class space    used 7622K, capacity 8046K, committed 8064K, reserved 1048576K
Event: 51.335 GC heap after
Heap after GC invocations=17 (full 2):
 PSYoungGen      total 80896K, used 14846K [0x00000000d5580000, 0x00000000dc500000, 0x0000000100000000)
  eden space 66048K, 0% used [0x00000000d5580000,0x00000000d5580000,0x00000000d9600000)
  from space 14848K, 99% used [0x00000000d9600000,0x00000000da47f9b0,0x00000000da480000)
  to   space 17920K, 0% used [0x00000000db380000,0x00000000db380000,0x00000000dc500000)
 ParOldGen       total 115712K, used 22915K [0x0000000080000000, 0x0000000087100000, 0x00000000d5580000)
  object space 115712K, 19% used [0x0000000080000000,0x0000000081660c80,0x0000000087100000)
 Metaspace       used 56105K, capacity 57758K, committed 57984K, reserved 1099776K
  class space    used 7622K, capacity 8046K, committed 8064K, reserved 1048576K
}

